c:\users\lailailai\documents\visual studio 2015\projects\菜单\菜单\debug\菜单.pch
c:\users\lailailai\documents\visual studio 2015\projects\菜单\菜单\debug\vc140.pdb
c:\users\lailailai\documents\visual studio 2015\projects\菜单\菜单\debug\vc140.idb
c:\users\lailailai\documents\visual studio 2015\projects\菜单\菜单\debug\stdafx.obj
c:\users\lailailai\documents\visual studio 2015\projects\菜单\菜单\debug\mainfrm.obj
c:\users\lailailai\documents\visual studio 2015\projects\菜单\菜单\debug\菜单.obj
c:\users\lailailai\documents\visual studio 2015\projects\菜单\菜单\debug\菜单doc.obj
c:\users\lailailai\documents\visual studio 2015\projects\菜单\菜单\debug\菜单view.obj
c:\users\lailailai\documents\visual studio 2015\projects\菜单\debug\菜单.ilk
c:\users\lailailai\documents\visual studio 2015\projects\菜单\debug\菜单.exe
c:\users\lailailai\documents\visual studio 2015\projects\菜单\debug\菜单.pdb
c:\users\lailailai\documents\visual studio 2015\projects\菜单\菜单\debug\菜单.res
c:\users\lailailai\documents\visual studio 2015\projects\菜单\菜单\debug\菜单.tlog\cl.command.1.tlog
c:\users\lailailai\documents\visual studio 2015\projects\菜单\菜单\debug\菜单.tlog\cl.read.1.tlog
c:\users\lailailai\documents\visual studio 2015\projects\菜单\菜单\debug\菜单.tlog\cl.write.1.tlog
c:\users\lailailai\documents\visual studio 2015\projects\菜单\菜单\debug\菜单.tlog\link.command.1.tlog
c:\users\lailailai\documents\visual studio 2015\projects\菜单\菜单\debug\菜单.tlog\link.read.1.tlog
c:\users\lailailai\documents\visual studio 2015\projects\菜单\菜单\debug\菜单.tlog\link.write.1.tlog
c:\users\lailailai\documents\visual studio 2015\projects\菜单\菜单\debug\菜单.tlog\rc.command.1.tlog
c:\users\lailailai\documents\visual studio 2015\projects\菜单\菜单\debug\菜单.tlog\rc.read.1.tlog
c:\users\lailailai\documents\visual studio 2015\projects\菜单\菜单\debug\菜单.tlog\rc.write.1.tlog
